<?xml version="1.0" encoding="UTF-8" ?>
<testsuite failures="0" time="7.815" errors="0" skipped="0" tests="4" name="com.vidlib.service.jpa.MediaServiceTest">
  <properties>
    <property name="java.runtime.name" value="OpenJDK Runtime Environment"/>
    <property name="sun.boot.library.path" value="/usr/lib/jvm/java-6-openjdk/jre/lib/i386"/>
    <property name="java.vm.version" value="19.0-b09"/>
    <property name="java.vm.vendor" value="Sun Microsystems Inc."/>
    <property name="java.vendor.url" value="http://java.sun.com/"/>
    <property name="path.separator" value=":"/>
    <property name="java.vm.name" value="OpenJDK Client VM"/>
    <property name="file.encoding.pkg" value="sun.io"/>
    <property name="user.country" value="GB"/>
    <property name="sun.java.launcher" value="SUN_STANDARD"/>
    <property name="sun.os.patch.level" value="unknown"/>
    <property name="java.vm.specification.name" value="Java Virtual Machine Specification"/>
    <property name="user.dir" value="/home/john/git/VidlibPersistanceTests"/>
    <property name="java.runtime.version" value="1.6.0_20-b20"/>
    <property name="java.awt.graphicsenv" value="sun.awt.X11GraphicsEnvironment"/>
    <property name="basedir" value="/home/john/git/VidlibPersistanceTests"/>
    <property name="java.endorsed.dirs" value="/usr/lib/jvm/java-6-openjdk/jre/lib/endorsed"/>
    <property name="os.arch" value="i386"/>
    <property name="surefire.real.class.path" value="/tmp/surefirebooter3029457856104430385.jar"/>
    <property name="java.io.tmpdir" value="/tmp"/>
    <property name="line.separator" value="
"/>
    <property name="java.vm.specification.vendor" value="Sun Microsystems Inc."/>
    <property name="os.name" value="Linux"/>
    <property name="sun.jnu.encoding" value="UTF-8"/>
    <property name="java.library.path" value="/usr/lib/jvm/java-6-openjdk/jre/lib/i386/client:/usr/lib/jvm/java-6-openjdk/jre/lib/i386:/usr/lib/jvm/java-6-openjdk/jre/../lib/i386::/usr/local/lib:/usr/java/packages/lib/i386:/usr/lib/jni:/lib:/usr/lib"/>
    <property name="surefire.test.class.path" value="/home/john/git/VidlibPersistanceTests/target/test-classes:/home/john/git/VidlibPersistanceTests/target/classes:/home/john/.m2/repository/org/hibernate/hibernate-entitymanager/3.6.8.Final/hibernate-entitymanager-3.6.8.Final.jar:/home/john/.m2/repository/org/hibernate/hibernate-core/3.6.8.Final/hibernate-core-3.6.8.Final.jar:/home/john/.m2/repository/antlr/antlr/2.7.6/antlr-2.7.6.jar:/home/john/.m2/repository/commons-collections/commons-collections/3.2.1/commons-collections-3.2.1.jar:/home/john/.m2/repository/dom4j/dom4j/1.6.1/dom4j-1.6.1.jar:/home/john/.m2/repository/org/hibernate/hibernate-commons-annotations/3.2.0.Final/hibernate-commons-annotations-3.2.0.Final.jar:/home/john/.m2/repository/org/slf4j/slf4j-api/1.6.1/slf4j-api-1.6.1.jar:/home/john/.m2/repository/org/hibernate/javax/persistence/hibernate-jpa-2.0-api/1.0.1.Final/hibernate-jpa-2.0-api-1.0.1.Final.jar:/home/john/.m2/repository/javax/transaction/jta/1.1/jta-1.1.jar:/home/john/.m2/repository/cglib/cglib/2.2/cglib-2.2.jar:/home/john/.m2/repository/asm/asm/3.1/asm-3.1.jar:/home/john/.m2/repository/javassist/javassist/3.12.0.GA/javassist-3.12.0.GA.jar:/home/john/.m2/repository/javax/validation/validation-api/1.0.0.GA/validation-api-1.0.0.GA.jar:/home/john/.m2/repository/org/hibernate/hibernate-validator/4.1.0.Final/hibernate-validator-4.1.0.Final.jar:/home/john/.m2/repository/junit/junit/4.7/junit-4.7.jar:/home/john/.m2/repository/org/springframework/spring-test/3.1.0.RELEASE/spring-test-3.1.0.RELEASE.jar:/home/john/.m2/repository/org/springframework/spring-context-support/3.1.0.RELEASE/spring-context-support-3.1.0.RELEASE.jar:/home/john/.m2/repository/org/springframework/spring-beans/3.1.0.RELEASE/spring-beans-3.1.0.RELEASE.jar:/home/john/.m2/repository/org/springframework/spring-core/3.1.0.RELEASE/spring-core-3.1.0.RELEASE.jar:/home/john/.m2/repository/org/springframework/spring-asm/3.1.0.RELEASE/spring-asm-3.1.0.RELEASE.jar:/home/john/.m2/repository/commons-logging/commons-logging/1.1.1/commons-logging-1.1.1.jar:/home/john/.m2/repository/org/springframework/spring-context/3.1.0.RELEASE/spring-context-3.1.0.RELEASE.jar:/home/john/.m2/repository/org/springframework/spring-aop/3.1.0.RELEASE/spring-aop-3.1.0.RELEASE.jar:/home/john/.m2/repository/aopalliance/aopalliance/1.0/aopalliance-1.0.jar:/home/john/.m2/repository/org/springframework/spring-expression/3.1.0.RELEASE/spring-expression-3.1.0.RELEASE.jar:/home/john/.m2/repository/org/springframework/spring-aspects/3.1.0.RELEASE/spring-aspects-3.1.0.RELEASE.jar:/home/john/.m2/repository/org/springframework/spring-orm/3.1.0.RELEASE/spring-orm-3.1.0.RELEASE.jar:/home/john/.m2/repository/org/springframework/spring-jdbc/3.1.0.RELEASE/spring-jdbc-3.1.0.RELEASE.jar:/home/john/.m2/repository/org/springframework/spring-tx/3.1.0.RELEASE/spring-tx-3.1.0.RELEASE.jar:/home/john/.m2/repository/commons-dbcp/commons-dbcp/1.2.2/commons-dbcp-1.2.2.jar:/home/john/.m2/repository/commons-pool/commons-pool/1.3/commons-pool-1.3.jar:/home/john/.m2/repository/log4j/log4j/1.2.16/log4j-1.2.16.jar:/home/john/.m2/repository/org/slf4j/slf4j-log4j12/1.6.1/slf4j-log4j12-1.6.1.jar:/home/john/.m2/repository/org/springframework/data/spring-data-jpa/1.0.1.RELEASE/spring-data-jpa-1.0.1.RELEASE.jar:/home/john/.m2/repository/org/springframework/data/spring-data-commons-core/1.1.0.RELEASE/spring-data-commons-core-1.1.0.RELEASE.jar:/home/john/.m2/repository/org/slf4j/jcl-over-slf4j/1.6.1/jcl-over-slf4j-1.6.1.jar:/home/john/.m2/repository/org/aspectj/aspectjrt/1.6.8/aspectjrt-1.6.8.jar:/home/john/.m2/repository/joda-time/joda-time/2.0/joda-time-2.0.jar:/home/john/.m2/repository/joda-time/joda-time-hibernate/1.3/joda-time-hibernate-1.3.jar:/home/john/.m2/repository/com/google/guava/guava/10.0.1/guava-10.0.1.jar:/home/john/.m2/repository/com/google/code/findbugs/jsr305/1.3.9/jsr305-1.3.9.jar:/home/john/.m2/repository/org/hibernate/hibernate-envers/3.6.8.Final/hibernate-envers-3.6.8.Final.jar:/home/john/.m2/repository/mysql/mysql-connector-java/5.1.18/mysql-connector-java-5.1.18.jar:/home/john/.m2/repository/com/h2database/h2/1.3.156/h2-1.3.156.jar:/home/john/.m2/repository/com/github/springtestdbunit/spring-test-dbunit/1.0.0/spring-test-dbunit-1.0.0.jar:/home/john/.m2/repository/org/dbunit/dbunit/2.4.8/dbunit-2.4.8.jar:"/>
    <property name="java.specification.name" value="Java Platform API Specification"/>
    <property name="java.class.version" value="50.0"/>
    <property name="sun.management.compiler" value="HotSpot Client Compiler"/>
    <property name="os.version" value="2.6.35-22-generic"/>
    <property name="user.home" value="/home/john"/>
    <property name="user.timezone" value="Europe/London"/>
    <property name="java.awt.printerjob" value="sun.print.PSPrinterJob"/>
    <property name="file.encoding" value="UTF-8"/>
    <property name="java.specification.version" value="1.6"/>
    <property name="user.name" value="john"/>
    <property name="java.class.path" value="/home/john/git/VidlibPersistanceTests/target/test-classes:/home/john/git/VidlibPersistanceTests/target/classes:/home/john/.m2/repository/org/hibernate/hibernate-entitymanager/3.6.8.Final/hibernate-entitymanager-3.6.8.Final.jar:/home/john/.m2/repository/org/hibernate/hibernate-core/3.6.8.Final/hibernate-core-3.6.8.Final.jar:/home/john/.m2/repository/antlr/antlr/2.7.6/antlr-2.7.6.jar:/home/john/.m2/repository/commons-collections/commons-collections/3.2.1/commons-collections-3.2.1.jar:/home/john/.m2/repository/dom4j/dom4j/1.6.1/dom4j-1.6.1.jar:/home/john/.m2/repository/org/hibernate/hibernate-commons-annotations/3.2.0.Final/hibernate-commons-annotations-3.2.0.Final.jar:/home/john/.m2/repository/org/slf4j/slf4j-api/1.6.1/slf4j-api-1.6.1.jar:/home/john/.m2/repository/org/hibernate/javax/persistence/hibernate-jpa-2.0-api/1.0.1.Final/hibernate-jpa-2.0-api-1.0.1.Final.jar:/home/john/.m2/repository/javax/transaction/jta/1.1/jta-1.1.jar:/home/john/.m2/repository/cglib/cglib/2.2/cglib-2.2.jar:/home/john/.m2/repository/asm/asm/3.1/asm-3.1.jar:/home/john/.m2/repository/javassist/javassist/3.12.0.GA/javassist-3.12.0.GA.jar:/home/john/.m2/repository/javax/validation/validation-api/1.0.0.GA/validation-api-1.0.0.GA.jar:/home/john/.m2/repository/org/hibernate/hibernate-validator/4.1.0.Final/hibernate-validator-4.1.0.Final.jar:/home/john/.m2/repository/junit/junit/4.7/junit-4.7.jar:/home/john/.m2/repository/org/springframework/spring-test/3.1.0.RELEASE/spring-test-3.1.0.RELEASE.jar:/home/john/.m2/repository/org/springframework/spring-context-support/3.1.0.RELEASE/spring-context-support-3.1.0.RELEASE.jar:/home/john/.m2/repository/org/springframework/spring-beans/3.1.0.RELEASE/spring-beans-3.1.0.RELEASE.jar:/home/john/.m2/repository/org/springframework/spring-core/3.1.0.RELEASE/spring-core-3.1.0.RELEASE.jar:/home/john/.m2/repository/org/springframework/spring-asm/3.1.0.RELEASE/spring-asm-3.1.0.RELEASE.jar:/home/john/.m2/repository/commons-logging/commons-logging/1.1.1/commons-logging-1.1.1.jar:/home/john/.m2/repository/org/springframework/spring-context/3.1.0.RELEASE/spring-context-3.1.0.RELEASE.jar:/home/john/.m2/repository/org/springframework/spring-aop/3.1.0.RELEASE/spring-aop-3.1.0.RELEASE.jar:/home/john/.m2/repository/aopalliance/aopalliance/1.0/aopalliance-1.0.jar:/home/john/.m2/repository/org/springframework/spring-expression/3.1.0.RELEASE/spring-expression-3.1.0.RELEASE.jar:/home/john/.m2/repository/org/springframework/spring-aspects/3.1.0.RELEASE/spring-aspects-3.1.0.RELEASE.jar:/home/john/.m2/repository/org/springframework/spring-orm/3.1.0.RELEASE/spring-orm-3.1.0.RELEASE.jar:/home/john/.m2/repository/org/springframework/spring-jdbc/3.1.0.RELEASE/spring-jdbc-3.1.0.RELEASE.jar:/home/john/.m2/repository/org/springframework/spring-tx/3.1.0.RELEASE/spring-tx-3.1.0.RELEASE.jar:/home/john/.m2/repository/commons-dbcp/commons-dbcp/1.2.2/commons-dbcp-1.2.2.jar:/home/john/.m2/repository/commons-pool/commons-pool/1.3/commons-pool-1.3.jar:/home/john/.m2/repository/log4j/log4j/1.2.16/log4j-1.2.16.jar:/home/john/.m2/repository/org/slf4j/slf4j-log4j12/1.6.1/slf4j-log4j12-1.6.1.jar:/home/john/.m2/repository/org/springframework/data/spring-data-jpa/1.0.1.RELEASE/spring-data-jpa-1.0.1.RELEASE.jar:/home/john/.m2/repository/org/springframework/data/spring-data-commons-core/1.1.0.RELEASE/spring-data-commons-core-1.1.0.RELEASE.jar:/home/john/.m2/repository/org/slf4j/jcl-over-slf4j/1.6.1/jcl-over-slf4j-1.6.1.jar:/home/john/.m2/repository/org/aspectj/aspectjrt/1.6.8/aspectjrt-1.6.8.jar:/home/john/.m2/repository/joda-time/joda-time/2.0/joda-time-2.0.jar:/home/john/.m2/repository/joda-time/joda-time-hibernate/1.3/joda-time-hibernate-1.3.jar:/home/john/.m2/repository/com/google/guava/guava/10.0.1/guava-10.0.1.jar:/home/john/.m2/repository/com/google/code/findbugs/jsr305/1.3.9/jsr305-1.3.9.jar:/home/john/.m2/repository/org/hibernate/hibernate-envers/3.6.8.Final/hibernate-envers-3.6.8.Final.jar:/home/john/.m2/repository/mysql/mysql-connector-java/5.1.18/mysql-connector-java-5.1.18.jar:/home/john/.m2/repository/com/h2database/h2/1.3.156/h2-1.3.156.jar:/home/john/.m2/repository/com/github/springtestdbunit/spring-test-dbunit/1.0.0/spring-test-dbunit-1.0.0.jar:/home/john/.m2/repository/org/dbunit/dbunit/2.4.8/dbunit-2.4.8.jar:"/>
    <property name="java.vm.specification.version" value="1.0"/>
    <property name="sun.arch.data.model" value="32"/>
    <property name="java.home" value="/usr/lib/jvm/java-6-openjdk/jre"/>
    <property name="java.specification.vendor" value="Sun Microsystems Inc."/>
    <property name="user.language" value="en"/>
    <property name="java.vm.info" value="mixed mode, sharing"/>
    <property name="java.version" value="1.6.0_20"/>
    <property name="java.ext.dirs" value="/usr/lib/jvm/java-6-openjdk/jre/lib/ext:/usr/java/packages/lib/ext"/>
    <property name="sun.boot.class.path" value="/usr/lib/jvm/java-6-openjdk/jre/lib/resources.jar:/usr/lib/jvm/java-6-openjdk/jre/lib/rt.jar:/usr/lib/jvm/java-6-openjdk/jre/lib/sunrsasign.jar:/usr/lib/jvm/java-6-openjdk/jre/lib/jsse.jar:/usr/lib/jvm/java-6-openjdk/jre/lib/jce.jar:/usr/lib/jvm/java-6-openjdk/jre/lib/charsets.jar:/usr/lib/jvm/java-6-openjdk/jre/lib/netx.jar:/usr/lib/jvm/java-6-openjdk/jre/lib/plugin.jar:/usr/lib/jvm/java-6-openjdk/jre/lib/rhino.jar:/usr/lib/jvm/java-6-openjdk/jre/lib/modules/jdk.boot.jar:/usr/lib/jvm/java-6-openjdk/jre/classes"/>
    <property name="java.vendor" value="Sun Microsystems Inc."/>
    <property name="localRepository" value="/home/john/.m2/repository"/>
    <property name="file.separator" value="/"/>
    <property name="java.vendor.url.bug" value="http://java.sun.com/cgi-bin/bugreport.cgi"/>
    <property name="sun.cpu.endian" value="little"/>
    <property name="sun.io.unicode.encoding" value="UnicodeLittle"/>
    <property name="sun.desktop" value="gnome"/>
    <property name="sun.cpu.isalist" value=""/>
  </properties>
  <testcase time="7.224" classname="com.vidlib.service.jpa.MediaServiceTest" name="TestCreateMedia"/>
  <testcase time="0.407" classname="com.vidlib.service.jpa.MediaServiceTest" name="TestFindAll"/>
  <testcase time="0.086" classname="com.vidlib.service.jpa.MediaServiceTest" name="TestReadMedia"/>
  <testcase time="0.043" classname="com.vidlib.service.jpa.MediaServiceTest" name="TestNoMedia"/>
</testsuite>